0 info it worked if it ends with ok
1 verbose cli [ 'C:\\Program Files\\nodejs\\node.exe',
1 verbose cli   'C:\\Program Files\\nodejs\\node_modules\\npm\\bin\\npm-cli.js',
1 verbose cli   'start' ]
2 info using npm@3.10.10
3 info using node@v6.10.3
4 verbose run-script [ 'prestart', 'start', 'poststart' ]
5 info lifecycle angular-boilerplate@1.0.0~prestart: angular-boilerplate@1.0.0
6 verbose lifecycle angular-boilerplate@1.0.0~prestart: unsafe-perm in lifecycle true
7 verbose lifecycle angular-boilerplate@1.0.0~prestart: PATH: E:\nvm\v6.10.3\node_modules\npm\bin\node-gyp-bin;F:\togogo\niu_paul\1355H5\code\app\moviecat\node_modules\.bin;C:\ProgramData\Oracle\Java\javapath;C:\WINDOWS\system32;C:\WINDOWS;C:\WINDOWS\System32\Wbem;C:\WINDOWS\System32\WindowsPowerShell\v1.0\;C:\Program Files\Java\jdk1.8.0_111\bin;C:\Program Files\Java\jdk1.8.0_111\jre\bin;C:\Ruby23-x64\bin;%Android%;E:\nvm;C:\Program Files\nodejs;C:\Program Files\Git\cmd;G:\worksoft\android-sdk-windows\tools;G:\worksoft\android-sdk-windows\platform-tools;H:\soft\gradle-3.3-all\gradle-3.3\bin;C:\Ruby23-x64\bin;C:\Users\Administrator\AppData\Local\Microsoft\WindowsApps;E:\nvm;C:\Program Files\nodejs;C:\Users\Administrator\AppData\Roaming\npm;E:\Program Files (x86)\Microsoft VS Code\bin
8 verbose lifecycle angular-boilerplate@1.0.0~prestart: CWD: F:\togogo\niu_paul\1355H5\code\app\moviecat
9 silly lifecycle angular-boilerplate@1.0.0~prestart: Args: [ '/d /s /c', 'npm install' ]
10 silly lifecycle angular-boilerplate@1.0.0~prestart: Returned: code: 0  signal: null
11 info lifecycle angular-boilerplate@1.0.0~start: angular-boilerplate@1.0.0
12 verbose lifecycle angular-boilerplate@1.0.0~start: unsafe-perm in lifecycle true
13 verbose lifecycle angular-boilerplate@1.0.0~start: PATH: E:\nvm\v6.10.3\node_modules\npm\bin\node-gyp-bin;F:\togogo\niu_paul\1355H5\code\app\moviecat\node_modules\.bin;C:\ProgramData\Oracle\Java\javapath;C:\WINDOWS\system32;C:\WINDOWS;C:\WINDOWS\System32\Wbem;C:\WINDOWS\System32\WindowsPowerShell\v1.0\;C:\Program Files\Java\jdk1.8.0_111\bin;C:\Program Files\Java\jdk1.8.0_111\jre\bin;C:\Ruby23-x64\bin;%Android%;E:\nvm;C:\Program Files\nodejs;C:\Program Files\Git\cmd;G:\worksoft\android-sdk-windows\tools;G:\worksoft\android-sdk-windows\platform-tools;H:\soft\gradle-3.3-all\gradle-3.3\bin;C:\Ruby23-x64\bin;C:\Users\Administrator\AppData\Local\Microsoft\WindowsApps;E:\nvm;C:\Program Files\nodejs;C:\Users\Administrator\AppData\Roaming\npm;E:\Program Files (x86)\Microsoft VS Code\bin
14 verbose lifecycle angular-boilerplate@1.0.0~start: CWD: F:\togogo\niu_paul\1355H5\code\app\moviecat
15 silly lifecycle angular-boilerplate@1.0.0~start: Args: [ '/d /s /c', 'hs -a localhost -p 8884 -o' ]
16 verbose stack Error: kill ENOSYS
16 verbose stack     at exports._errnoException (util.js:1018:11)
16 verbose stack     at process.kill (internal/process.js:190:13)
16 verbose stack     at process.listener (E:\nvm\v6.10.3\node_modules\npm\node_modules\npmlog\node_modules\gauge\node_modules\signal-exit\index.js:86:15)
16 verbose stack     at emitNone (events.js:91:20)
16 verbose stack     at process.emit (events.js:185:7)
16 verbose stack     at processEmit (E:\nvm\v6.10.3\node_modules\npm\node_modules\npmlog\node_modules\gauge\node_modules\signal-exit\index.js:146:32)
16 verbose stack     at processEmit (E:\nvm\v6.10.3\node_modules\npm\node_modules\npm-registry-client\node_modules\npmlog\node_modules\gauge\node_modules\signal-exit\index.js:146:32)
16 verbose stack     at Signal.wrap.onsignal (internal/process.js:217:44)
17 verbose cwd F:\togogo\niu_paul\1355H5\code\app\moviecat
18 error Windows_NT 10.0.14393
19 error argv "C:\\Program Files\\nodejs\\node.exe" "C:\\Program Files\\nodejs\\node_modules\\npm\\bin\\npm-cli.js" "start"
20 error node v6.10.3
21 error npm  v3.10.10
22 error code ENOSYS
23 error errno ENOSYS
24 error syscall kill
25 error kill ENOSYS
26 error If you need help, you may report this error at:
26 error     <https://github.com/npm/npm/issues>
27 verbose exit [ 1, true ]
